2018-03-14 11:12:49 -  - exec CUpdateClientPartner::SearchModulesEx
2018-03-14 11:12:49 -  - exec CUpdateClientPartner::__CollectRequestData
2018-03-14 11:12:49 -  - utf=Y&lang=ru&stable=Y&CANGZIP=Y&SUPD_DBS=MYSQL&XE=N&CLIENT_SITE=bitrix&LICENSE_KEY=X&SUPD_STS=1&SUPD_URS=0&SUPD_URSA=1&TYPENC=D&CLIENT_PHPVER=5.6.31&NGINX=Y&dbv=5.6.37&instm=main%2C17.5.10%2CY%3Bb24connector%2C17.5.0%2CN%3Bbitrix.sitecorporate%2C15.5.0%2CN%3Bbitrix.siteinfoportal%2C15.5.0%2CN%3Bbitrix.sitepersonal%2C15.5.0%2CN%3Bbitrixcloud%2C17.0.1%2CN%3Bblog%2C17.5.7%2CN%3Bclouds%2C17.0.2%2CN%3Bcompression%2C16.0.0%2CN%3Bfileman%2C17.5.9%2CN%3Bform%2C17.0.1%2CN%3Bforum%2C17.5.2%2CN%3Bhighloadblock%2C17.5.0%2CN%3Biblock%2C17.5.4%2CN%3Bmobileapp%2C17.5.0%2CN%3Bperfmon%2C17.0.1%2CN%3Bphotogallery%2C17.0.2%2CN%3Bscale%2C17.5.0%2CN%3Bsearch%2C17.0.1%2CN%3Bsecurity%2C17.0.2%2CN%3Bseo%2C17.5.2%2CN%3Bsocialservices%2C17.5.2%2CN%3Bsubscribe%2C17.5.0%2CN%3Btranslate%2C16.0.0%2CN%3Bui%2C17.5.4%2CN%3Bvote%2C17.5.0%2CN&search_module_id=&search_module=&search_category=7%2C14&search_type=&search_order=DESC&search_order_by=SORT&search_page=1&SUPD_SRS=RU&SUPD_CMP=N
2018-03-14 11:12:49 -  - exec CUpdateClientPartner::GetHTTPPage
2018-03-14 11:12:50 -  - TIME SearchModulesEx(request) 1.577 sec
2018-03-14 11:12:50 -  - exec CUpdateClientPartner::ParseServerData
2018-03-14 11:12:54 -  - exec CUpdateClientPartner::SearchModulesEx
2018-03-14 11:12:54 -  - exec CUpdateClientPartner::__CollectRequestData
2018-03-14 11:12:55 -  - utf=Y&lang=ru&stable=Y&CANGZIP=Y&SUPD_DBS=MYSQL&XE=N&CLIENT_SITE=bitrix&LICENSE_KEY=X&SUPD_STS=1&SUPD_URS=0&SUPD_URSA=1&TYPENC=D&CLIENT_PHPVER=5.6.31&NGINX=Y&dbv=5.6.37&instm=main%2C17.5.10%2CY%3Bb24connector%2C17.5.0%2CN%3Bbitrix.sitecorporate%2C15.5.0%2CN%3Bbitrix.siteinfoportal%2C15.5.0%2CN%3Bbitrix.sitepersonal%2C15.5.0%2CN%3Bbitrixcloud%2C17.0.1%2CN%3Bblog%2C17.5.7%2CN%3Bclouds%2C17.0.2%2CN%3Bcompression%2C16.0.0%2CN%3Bfileman%2C17.5.9%2CN%3Bform%2C17.0.1%2CN%3Bforum%2C17.5.2%2CN%3Bhighloadblock%2C17.5.0%2CN%3Biblock%2C17.5.4%2CN%3Bmobileapp%2C17.5.0%2CN%3Bperfmon%2C17.0.1%2CN%3Bphotogallery%2C17.0.2%2CN%3Bscale%2C17.5.0%2CN%3Bsearch%2C17.0.1%2CN%3Bsecurity%2C17.0.2%2CN%3Bseo%2C17.5.2%2CN%3Bsocialservices%2C17.5.2%2CN%3Bsubscribe%2C17.5.0%2CN%3Btranslate%2C16.0.0%2CN%3Bui%2C17.5.4%2CN%3Bvote%2C17.5.0%2CN&search_module_id=&search_module=&search_category=7%2C14&search_type=&search_order=DESC&search_order_by=SORT&search_page=1&SUPD_SRS=RU&SUPD_CMP=N
2018-03-14 11:12:55 -  - exec CUpdateClientPartner::GetHTTPPage
2018-03-14 11:12:58 -  - TIME SearchModulesEx(request) 3.444 sec
2018-03-14 11:12:58 -  - exec CUpdateClientPartner::ParseServerData
2018-03-14 11:13:22 -  - exec CUpdateClientPartner::LoadModulesUpdates
2018-03-14 11:13:22 -  - exec CUpdateClientPartner::__CollectRequestData
2018-03-14 11:13:22 -  - utf=Y&lang=ru&stable=Y&CANGZIP=Y&SUPD_DBS=MYSQL&XE=N&CLIENT_SITE=bitrix&LICENSE_KEY=X&SUPD_STS=1&SUPD_URS=0&SUPD_URSA=1&TYPENC=D&CLIENT_PHPVER=5.6.31&NGINX=Y&dbv=5.6.37&instm=main%2C17.5.10%2CY%3Bb24connector%2C17.5.0%2CN%3Bbitrix.sitecorporate%2C15.5.0%2CN%3Bbitrix.siteinfoportal%2C15.5.0%2CN%3Bbitrix.sitepersonal%2C15.5.0%2CN%3Bbitrixcloud%2C17.0.1%2CN%3Bblog%2C17.5.7%2CN%3Bclouds%2C17.0.2%2CN%3Bcompression%2C16.0.0%2CN%3Bfileman%2C17.5.9%2CN%3Bform%2C17.0.1%2CN%3Bforum%2C17.5.2%2CN%3Bhighloadblock%2C17.5.0%2CN%3Biblock%2C17.5.4%2CN%3Bmobileapp%2C17.5.0%2CN%3Bperfmon%2C17.0.1%2CN%3Bphotogallery%2C17.0.2%2CN%3Bscale%2C17.5.0%2CN%3Bsearch%2C17.0.1%2CN%3Bsecurity%2C17.0.2%2CN%3Bseo%2C17.5.2%2CN%3Bsocialservices%2C17.5.2%2CN%3Bsubscribe%2C17.5.0%2CN%3Btranslate%2C16.0.0%2CN%3Bui%2C17.5.4%2CN%3Bvote%2C17.5.0%2CN&reqm=nsandrey.emptyinstall&lim=Y&SUPD_SRS=RU&SUPD_CMP=N
2018-03-14 11:13:22 -  - exec CUpdateClientPartner::GetHTTPPage
2018-03-14 11:13:22 -  - TIME LoadModulesUpdates(request) 0.442 sec
2018-03-14 11:13:22 -  - exec CUpdateClientPartner::ParseServerData
2018-03-14 11:13:22 - S - STEP
2018-03-14 11:13:22 - LM4W01 - loadModule4Wizard-Step
2018-03-14 11:13:23 -  - exec CUpdateClientPartner::LoadModulesUpdates
2018-03-14 11:13:23 -  - exec CUpdateClientPartner::ParseServerData
2018-03-14 11:13:23 -  - loadFile
2018-03-14 11:13:23 - U - RETURN
2018-03-14 11:13:23 -  - exec CUpdateClientPartner::UnGzipArchive
2018-03-14 11:13:23 -  - TIME UnGzipArchive 0.386 sec
2018-03-14 11:13:24 -  - TIME UpdateStepModules 0.28 sec
2018-03-14 11:13:24 -  - exec CUpdateClientPartner::LoadModulesUpdates
2018-03-14 11:13:24 -  - exec CUpdateClientPartner::__CollectRequestData
2018-03-14 11:13:24 -  - utf=Y&lang=ru&stable=Y&CANGZIP=Y&SUPD_DBS=MYSQL&XE=N&CLIENT_SITE=bitrix&LICENSE_KEY=X&SUPD_STS=1&SUPD_URS=0&SUPD_URSA=1&TYPENC=D&CLIENT_PHPVER=5.6.31&NGINX=Y&dbv=5.6.37&instm=main%2C17.5.10%2CY%3Bb24connector%2C17.5.0%2CN%3Bbitrix.sitecorporate%2C15.5.0%2CN%3Bbitrix.siteinfoportal%2C15.5.0%2CN%3Bbitrix.sitepersonal%2C15.5.0%2CN%3Bbitrixcloud%2C17.0.1%2CN%3Bblog%2C17.5.7%2CN%3Bclouds%2C17.0.2%2CN%3Bcompression%2C16.0.0%2CN%3Bfileman%2C17.5.9%2CN%3Bform%2C17.0.1%2CN%3Bforum%2C17.5.2%2CN%3Bhighloadblock%2C17.5.0%2CN%3Biblock%2C17.5.4%2CN%3Bmobileapp%2C17.5.0%2CN%3Bnsandrey.emptyinstall%2C1.0.2%2CN%3Bperfmon%2C17.0.1%2CN%3Bphotogallery%2C17.0.2%2CN%3Bscale%2C17.5.0%2CN%3Bsearch%2C17.0.1%2CN%3Bsecurity%2C17.0.2%2CN%3Bseo%2C17.5.2%2CN%3Bsocialservices%2C17.5.2%2CN%3Bsubscribe%2C17.5.0%2CN%3Btranslate%2C16.0.0%2CN%3Bui%2C17.5.4%2CN%3Bvote%2C17.5.0%2CN&reqm=nsandrey.emptyinstall&lim=Y&SUPD_SRS=RU&SUPD_CMP=N
2018-03-14 11:13:24 -  - exec CUpdateClientPartner::GetHTTPPage
2018-03-14 11:13:25 -  - TIME LoadModulesUpdates(request) 0.367 sec
2018-03-14 11:13:25 -  - exec CUpdateClientPartner::ParseServerData
2018-03-14 11:13:25 - STEP - Finish - NOUPDATES
2018-03-14 11:13:25 - LM4W03 - Finish - NOUPDATES
